<?xml version="1.0" encoding="UTF-8"?>
<!-- Generated by org.testng.reporters.JUnitReportReporter -->
<testsuite hostname="MITHU" failures="0" tests="1" name="Selenium.all_drivers" time="10.568" errors="0" timestamp="2022-03-22T00:10:29 EDT" skipped="0">
  <testcase classname="Selenium.all_drivers" name="alldriver" time="10.568"/>
  <system-out/>
</testsuite> <!-- Selenium.all_drivers -->
