<?xml version="1.0" encoding="UTF-8"?>
<!-- Generated by org.testng.reporters.JUnitReportReporter -->
<testsuite hostname="MITHU" failures="0" tests="1" name="Selenium.all_links" time="21.045" errors="0" timestamp="2022-04-27T00:41:25 EDT" skipped="0">
  <testcase classname="Selenium.all_links" name="links" time="21.045"/>
  <system-out/>
</testsuite> <!-- Selenium.all_links -->
