<?xml version="1.0" encoding="UTF-8"?>
<!-- Generated by org.testng.reporters.JUnitReportReporter -->
<testsuite hostname="MITHU" failures="0" tests="1" name="Selenium.all_drivers" time="11.901" errors="0" timestamp="2022-05-27T00:07:48 EDT" skipped="0">
  <testcase classname="Selenium.all_drivers" name="alldriver" time="11.901"/>
  <system-out/>
</testsuite> <!-- Selenium.all_drivers -->
