<?xml version="1.0" encoding="UTF-8"?>
<!-- Generated by org.testng.reporters.JUnitReportReporter -->
<testsuite hostname="MITHU" failures="0" tests="1" name="Selenium.MouseOver" time="13.219" errors="0" timestamp="2022-04-07T22:14:58 EDT" skipped="0">
  <testcase classname="Selenium.MouseOver" name="mouseOver" time="13.219"/>
  <system-out/>
</testsuite> <!-- Selenium.MouseOver -->
