<?xml version="1.0" encoding="UTF-8"?>
<!-- Generated by org.testng.reporters.JUnitReportReporter -->
<testsuite hostname="MITHU" failures="0" tests="1" name="Selenium.Calendar" time="18.788" errors="0" timestamp="2022-04-09T13:26:50 EDT" skipped="0">
  <testcase classname="Selenium.Calendar" name="calendar" time="18.788"/>
  <system-out/>
</testsuite> <!-- Selenium.Calendar -->
