<?xml version="1.0" encoding="UTF-8"?>
<!-- Generated by org.testng.reporters.JUnitReportReporter -->
<testsuite hostname="MITHU" failures="0" tests="1" name="Selenium.Addcart" time="22.403" errors="0" timestamp="2022-05-25T13:36:06 EDT" skipped="0">
  <testcase classname="Selenium.Addcart" name="addtocart" time="22.403"/>
  <system-out/>
</testsuite> <!-- Selenium.Addcart -->
