<?xml version="1.0" encoding="UTF-8"?>
<!-- Generated by org.testng.reporters.JUnitReportReporter -->
<testsuite hostname="MITHU" failures="0" tests="1" name="Selenium.WindowHandle" time="23.586" errors="0" timestamp="2022-03-22T00:10:29 EDT" skipped="0">
  <testcase classname="Selenium.WindowHandle" name="window" time="23.586"/>
  <system-out/>
</testsuite> <!-- Selenium.WindowHandle -->
