<?xml version="1.0" encoding="UTF-8"?>
<!-- Generated by org.testng.reporters.JUnitReportReporter -->
<testsuite hostname="MITHU" failures="0" tests="1" name="Selenium.Frame" time="19.012" errors="0" timestamp="2022-03-28T16:34:13 EDT" skipped="0">
  <testcase classname="Selenium.Frame" name="frame" time="19.012"/>
  <system-out/>
</testsuite> <!-- Selenium.Frame -->
